0 verbose cli C:\Program Files\nodejs\node.exe C:\Program Files\nodejs\node_modules\npm\bin\npm-cli.js
1 info using npm@9.8.1
2 info using node@v20.6.1
3 timing npm:load:whichnode Completed in 3ms
4 timing config:load:defaults Completed in 2ms
5 timing config:load:file:C:\Program Files\nodejs\node_modules\npm\npmrc Completed in 3ms
6 timing config:load:builtin Completed in 3ms
7 timing config:load:cli Completed in 2ms
8 timing config:load:env Completed in 0ms
9 timing config:load:file:C:\Users\choi\Desktop\unah3pac2023\proyecto_ToxicScan\.npmrc Completed in 0ms
10 timing config:load:project Completed in 1ms
11 timing config:load:file:C:\Users\choi\.npmrc Completed in 0ms
12 timing config:load:user Completed in 0ms
13 timing config:load:file:C:\Users\choi\AppData\Roaming\npm\etc\npmrc Completed in 1ms
14 timing config:load:global Completed in 1ms
15 timing config:load:setEnvs Completed in 0ms
16 timing config:load Completed in 10ms
17 timing npm:load:configload Completed in 10ms
18 timing config:load:flatten Completed in 2ms
19 timing npm:load:mkdirpcache Completed in 0ms
20 timing npm:load:mkdirplogs Completed in 1ms
21 verbose title npm install @tensorflow/tfjs-node
22 verbose argv "install" "--cache" "false" "@tensorflow/tfjs-node"
23 timing npm:load:setTitle Completed in 0ms
24 timing npm:load:display Completed in 1ms
25 verbose logfile logs-max:10 dir:C:\Users\choi\Desktop\unah3pac2023\proyecto_ToxicScan\false\_logs\2023-12-02T23_15_52_330Z-
26 verbose logfile C:\Users\choi\Desktop\unah3pac2023\proyecto_ToxicScan\false\_logs\2023-12-02T23_15_52_330Z-debug-0.log
27 timing npm:load:logFile Completed in 21ms
28 timing npm:load:timers Completed in 0ms
29 timing npm:load:configScope Completed in 0ms
30 timing npm:load Completed in 56ms
31 timing arborist:ctor Completed in 0ms
32 silly logfile done cleaning log files
33 timing idealTree:init Completed in 39ms
34 timing idealTree:userRequests Completed in 0ms
35 silly idealTree buildDeps
36 silly fetch manifest @tensorflow/tfjs-node@*
37 verbose shrinkwrap failed to load node_modules/.package-lock.json out of date, updated: node_modules
38 http fetch GET 200 https://registry.npmjs.org/npm 359ms (cache miss)
39 http fetch GET 200 https://registry.npmjs.org/@tensorflow%2ftfjs-node 840ms (cache miss)
40 silly placeDep ROOT @tensorflow/tfjs-node@4.14.0 OK for:  want: *
41 silly fetch manifest @mapbox/node-pre-gyp@1.0.9
42 silly fetch manifest adm-zip@^0.5.2
43 silly fetch manifest google-protobuf@^3.9.2
44 silly fetch manifest https-proxy-agent@^2.2.1
45 silly fetch manifest progress@^2.0.0
46 silly fetch manifest rimraf@^2.6.2
47 silly fetch manifest tar@^4.4.6
48 http fetch GET 200 https://registry.npmjs.org/adm-zip 78ms (cache miss)
49 http fetch GET 200 https://registry.npmjs.org/progress 202ms (cache miss)
50 http fetch GET 200 https://registry.npmjs.org/tar 209ms (cache miss)
51 http fetch GET 200 https://registry.npmjs.org/https-proxy-agent 577ms (cache miss)
52 http fetch GET 200 https://registry.npmjs.org/rimraf 583ms (cache miss)
53 http fetch GET 200 https://registry.npmjs.org/google-protobuf 613ms (cache miss)
54 http fetch GET 200 https://registry.npmjs.org/@mapbox%2fnode-pre-gyp 928ms (cache miss)
55 timing idealTree:#root Completed in 1776ms
56 silly placeDep ROOT @mapbox/node-pre-gyp@1.0.9 OK for: @tensorflow/tfjs-node@4.14.0 want: 1.0.9
57 silly fetch manifest detect-libc@^2.0.0
58 silly fetch manifest https-proxy-agent@^5.0.0
59 silly fetch manifest make-dir@^3.1.0
60 silly fetch manifest node-fetch@^2.6.7
61 silly fetch manifest nopt@^5.0.0
62 silly fetch manifest npmlog@^5.0.1
63 silly fetch manifest rimraf@^3.0.2
64 silly fetch manifest semver@^7.3.5
65 silly fetch manifest tar@^6.1.11
66 silly placeDep ROOT adm-zip@0.5.10 OK for: @tensorflow/tfjs-node@4.14.0 want: ^0.5.2
67 silly placeDep ROOT google-protobuf@3.21.2 OK for: @tensorflow/tfjs-node@4.14.0 want: ^3.9.2
68 silly placeDep ROOT https-proxy-agent@2.2.4 OK for: @tensorflow/tfjs-node@4.14.0 want: ^2.2.1
69 silly fetch manifest agent-base@^4.3.0
70 silly fetch manifest debug@^3.1.0
71 silly placeDep ROOT progress@2.0.3 OK for: @tensorflow/tfjs-node@4.14.0 want: ^2.0.0
72 silly placeDep ROOT rimraf@2.7.1 OK for: @tensorflow/tfjs-node@4.14.0 want: ^2.6.2
73 silly fetch manifest glob@^7.1.3
74 silly placeDep ROOT tar@4.4.19 OK for: @tensorflow/tfjs-node@4.14.0 want: ^4.4.6
75 silly fetch manifest chownr@^1.1.4
76 silly fetch manifest fs-minipass@^1.2.7
77 silly fetch manifest minipass@^2.9.0
78 silly fetch manifest minizlib@^1.3.3
79 silly fetch manifest mkdirp@^0.5.5
80 silly fetch manifest yallist@^3.1.1
81 http fetch GET 200 https://registry.npmjs.org/detect-libc 101ms (cache miss)
82 http fetch GET 200 https://registry.npmjs.org/make-dir 130ms (cache miss)
83 http fetch GET 200 https://registry.npmjs.org/node-fetch 271ms (cache miss)
84 http fetch GET 200 https://registry.npmjs.org/semver 313ms (cache miss)
85 http fetch GET 200 https://registry.npmjs.org/fs-minipass 320ms (cache miss)
86 http fetch GET 200 https://registry.npmjs.org/mkdirp 327ms (cache miss)
87 http fetch GET 200 https://registry.npmjs.org/npmlog 351ms (cache miss)
88 http fetch GET 200 https://registry.npmjs.org/glob 347ms (cache miss)
89 http fetch GET 200 https://registry.npmjs.org/yallist 348ms (cache miss)
90 http fetch GET 200 https://registry.npmjs.org/minizlib 354ms (cache miss)
91 http fetch GET 200 https://registry.npmjs.org/debug 359ms (cache miss)
92 http fetch GET 200 https://registry.npmjs.org/agent-base 386ms (cache miss)
93 http fetch GET 200 https://registry.npmjs.org/nopt 393ms (cache miss)
94 http fetch GET 200 https://registry.npmjs.org/chownr 706ms (cache miss)
95 http fetch GET 200 https://registry.npmjs.org/minipass 714ms (cache miss)
96 timing idealTree:node_modules/@tensorflow/tfjs-node Completed in 730ms
97 silly fetch manifest encoding@^0.1.0
98 http fetch GET 200 https://registry.npmjs.org/encoding 79ms (cache miss)
99 silly placeDep ROOT detect-libc@2.0.2 OK for: @mapbox/node-pre-gyp@1.0.9 want: ^2.0.0
100 silly placeDep node_modules/@mapbox/node-pre-gyp https-proxy-agent@5.0.1 OK for: @mapbox/node-pre-gyp@1.0.9 want: ^5.0.0
101 silly fetch manifest agent-base@6
102 silly fetch manifest debug@4
103 silly placeDep ROOT make-dir@3.1.0 OK for: @mapbox/node-pre-gyp@1.0.9 want: ^3.1.0
104 silly fetch manifest semver@^6.0.0
105 silly placeDep node_modules/@mapbox/node-pre-gyp node-fetch@2.7.0 OK for: @mapbox/node-pre-gyp@1.0.9 want: ^2.6.7
106 silly placeDep ROOT nopt@5.0.0 OK for: @mapbox/node-pre-gyp@1.0.9 want: ^5.0.0
107 silly fetch manifest abbrev@1
108 silly placeDep ROOT npmlog@5.0.1 OK for: @mapbox/node-pre-gyp@1.0.9 want: ^5.0.1
109 silly fetch manifest are-we-there-yet@^2.0.0
110 silly fetch manifest console-control-strings@^1.1.0
111 silly fetch manifest gauge@^3.0.0
112 silly fetch manifest set-blocking@^2.0.0
113 silly placeDep node_modules/@mapbox/node-pre-gyp rimraf@3.0.2 OK for: @mapbox/node-pre-gyp@1.0.9 want: ^3.0.2
114 silly placeDep ROOT semver@7.5.4 OK for: @mapbox/node-pre-gyp@1.0.9 want: ^7.3.5
115 silly fetch manifest lru-cache@^6.0.0
116 silly placeDep node_modules/@mapbox/node-pre-gyp tar@6.2.0 OK for: @mapbox/node-pre-gyp@1.0.9 want: ^6.1.11
117 silly fetch manifest chownr@^2.0.0
118 silly fetch manifest fs-minipass@^2.0.0
119 silly fetch manifest minipass@^5.0.0
120 silly fetch manifest minizlib@^2.1.1
121 silly fetch manifest mkdirp@^1.0.3
122 silly fetch manifest yallist@^4.0.0
123 http fetch GET 200 https://registry.npmjs.org/set-blocking 80ms (cache miss)
124 http fetch GET 200 https://registry.npmjs.org/are-we-there-yet 86ms (cache miss)
125 http fetch GET 200 https://registry.npmjs.org/abbrev 92ms (cache miss)
126 http fetch GET 200 https://registry.npmjs.org/lru-cache 91ms (cache miss)
127 http fetch GET 200 https://registry.npmjs.org/console-control-strings 432ms (cache miss)
128 http fetch GET 200 https://registry.npmjs.org/gauge 431ms (cache miss)
129 timing idealTree:node_modules/@mapbox/node-pre-gyp Completed in 525ms
130 timing idealTree:node_modules/adm-zip Completed in 0ms
131 timing idealTree:node_modules/detect-libc Completed in 0ms
132 timing idealTree:node_modules/google-protobuf Completed in 0ms
133 silly placeDep ROOT agent-base@4.3.0 OK for: https-proxy-agent@2.2.4 want: ^4.3.0
134 silly fetch manifest es6-promisify@^5.0.0
135 silly placeDep node_modules/https-proxy-agent debug@3.2.7 OK for: https-proxy-agent@2.2.4 want: ^3.1.0
136 silly fetch manifest ms@^2.1.1
137 http fetch GET 200 https://registry.npmjs.org/es6-promisify 86ms (cache miss)
138 http fetch GET 200 https://registry.npmjs.org/ms 84ms (cache miss)
139 timing idealTree:node_modules/https-proxy-agent Completed in 88ms
140 silly placeDep ROOT es6-promisify@5.0.0 OK for: agent-base@4.3.0 want: ^5.0.0
141 silly fetch manifest es6-promise@^4.0.3
142 http fetch GET 200 https://registry.npmjs.org/es6-promise 433ms (cache miss)
143 timing idealTree:node_modules/agent-base Completed in 436ms
144 silly placeDep ROOT es6-promise@4.2.8 OK for: es6-promisify@5.0.0 want: ^4.0.3
145 timing idealTree:node_modules/es6-promisify Completed in 1ms
146 timing idealTree:node_modules/es6-promise Completed in 0ms
147 silly placeDep node_modules/make-dir semver@6.3.1 OK for: make-dir@3.1.0 want: ^6.0.0
148 timing idealTree:node_modules/make-dir Completed in 1ms
149 silly placeDep ROOT abbrev@1.1.1 OK for: nopt@5.0.0 want: 1
150 timing idealTree:node_modules/nopt Completed in 1ms
151 timing idealTree:node_modules/abbrev Completed in 0ms
152 silly placeDep ROOT are-we-there-yet@2.0.0 OK for: npmlog@5.0.1 want: ^2.0.0
153 silly fetch manifest delegates@^1.0.0
154 silly fetch manifest readable-stream@^3.6.0
155 silly placeDep ROOT console-control-strings@1.1.0 OK for: npmlog@5.0.1 want: ^1.1.0
156 silly placeDep ROOT gauge@3.0.2 OK for: npmlog@5.0.1 want: ^3.0.0
157 silly fetch manifest aproba@^1.0.3 || ^2.0.0
158 silly fetch manifest color-support@^1.1.2
159 silly fetch manifest has-unicode@^2.0.1
160 silly fetch manifest object-assign@^4.1.1
161 silly fetch manifest signal-exit@^3.0.0
162 silly fetch manifest wide-align@^1.1.2
163 silly placeDep ROOT set-blocking@2.0.0 OK for: npmlog@5.0.1 want: ^2.0.0
164 http fetch GET 200 https://registry.npmjs.org/object-assign 211ms (cache miss)
165 http fetch GET 200 https://registry.npmjs.org/color-support 305ms (cache miss)
166 http fetch GET 200 https://registry.npmjs.org/aproba 332ms (cache miss)
167 http fetch GET 200 https://registry.npmjs.org/delegates 455ms (cache miss)
168 http fetch GET 200 https://registry.npmjs.org/readable-stream 456ms (cache miss)
169 http fetch GET 200 https://registry.npmjs.org/wide-align 449ms (cache miss)
170 http fetch GET 200 https://registry.npmjs.org/has-unicode 472ms (cache miss)
171 http fetch GET 200 https://registry.npmjs.org/signal-exit 547ms (cache miss)
172 timing idealTree:node_modules/npmlog Completed in 557ms
173 silly placeDep ROOT delegates@1.0.0 OK for: are-we-there-yet@2.0.0 want: ^1.0.0
174 silly placeDep ROOT readable-stream@3.6.2 OK for: are-we-there-yet@2.0.0 want: ^3.6.0
175 silly fetch manifest util-deprecate@^1.0.1
176 http fetch GET 200 https://registry.npmjs.org/util-deprecate 168ms (cache miss)
177 timing idealTree:node_modules/are-we-there-yet Completed in 171ms
178 timing idealTree:node_modules/console-control-strings Completed in 0ms
179 timing idealTree:node_modules/delegates Completed in 0ms
180 silly placeDep ROOT aproba@2.0.0 OK for: gauge@3.0.2 want: ^1.0.3 || ^2.0.0
181 silly placeDep ROOT color-support@1.1.3 OK for: gauge@3.0.2 want: ^1.1.2
182 silly placeDep ROOT has-unicode@2.0.1 OK for: gauge@3.0.2 want: ^2.0.1
183 silly placeDep ROOT object-assign@4.1.1 OK for: gauge@3.0.2 want: ^4.1.1
184 silly placeDep ROOT signal-exit@3.0.7 OK for: gauge@3.0.2 want: ^3.0.0
185 silly placeDep ROOT wide-align@1.1.5 OK for: gauge@3.0.2 want: ^1.1.2
186 timing idealTree:node_modules/gauge Completed in 3ms
187 timing idealTree:node_modules/aproba Completed in 0ms
188 timing idealTree:node_modules/color-support Completed in 0ms
189 timing idealTree:node_modules/has-unicode Completed in 0ms
190 timing idealTree:node_modules/object-assign Completed in 0ms
191 timing idealTree:node_modules/progress Completed in 0ms
192 silly placeDep ROOT util-deprecate@1.0.2 OK for: readable-stream@3.6.2 want: ^1.0.1
193 timing idealTree:node_modules/readable-stream Completed in 0ms
194 silly placeDep ROOT glob@7.2.3 OK for: rimraf@2.7.1 want: ^7.1.3
195 silly fetch manifest fs.realpath@^1.0.0
196 silly fetch manifest inflight@^1.0.4
197 silly fetch manifest minimatch@^3.1.1
198 silly fetch manifest once@^1.3.0
199 silly fetch manifest path-is-absolute@^1.0.0
200 http fetch GET 200 https://registry.npmjs.org/inflight 84ms (cache miss)
201 http fetch GET 200 https://registry.npmjs.org/once 85ms (cache miss)
202 http fetch GET 200 https://registry.npmjs.org/path-is-absolute 85ms (cache miss)
203 http fetch GET 200 https://registry.npmjs.org/fs.realpath 99ms (cache miss)
204 http fetch GET 200 https://registry.npmjs.org/minimatch 100ms (cache miss)
205 timing idealTree:node_modules/rimraf Completed in 102ms
206 silly placeDep ROOT fs.realpath@1.0.0 OK for: glob@7.2.3 want: ^1.0.0
207 silly placeDep ROOT inflight@1.0.6 OK for: glob@7.2.3 want: ^1.0.4
208 silly fetch manifest wrappy@1
209 silly placeDep ROOT minimatch@3.1.2 OK for: glob@7.2.3 want: ^3.1.1
210 silly fetch manifest brace-expansion@^1.1.7
211 silly placeDep ROOT once@1.4.0 OK for: glob@7.2.3 want: ^1.3.0
212 silly placeDep ROOT path-is-absolute@1.0.1 OK for: glob@7.2.3 want: ^1.0.0
213 http fetch GET 200 https://registry.npmjs.org/brace-expansion 94ms (cache miss)
214 http fetch GET 200 https://registry.npmjs.org/wrappy 101ms (cache miss)
215 timing idealTree:node_modules/glob Completed in 104ms
216 timing idealTree:node_modules/fs.realpath Completed in 0ms
217 silly placeDep ROOT wrappy@1.0.2 OK for: inflight@1.0.6 want: 1
218 timing idealTree:node_modules/inflight Completed in 1ms
219 silly placeDep ROOT brace-expansion@1.1.11 OK for: minimatch@3.1.2 want: ^1.1.7
220 silly fetch manifest balanced-match@^1.0.0
221 silly fetch manifest concat-map@0.0.1
222 http fetch GET 200 https://registry.npmjs.org/concat-map 69ms (cache miss)
223 http fetch GET 200 https://registry.npmjs.org/balanced-match 76ms (cache miss)
224 timing idealTree:node_modules/minimatch Completed in 79ms
225 silly placeDep ROOT balanced-match@1.0.2 OK for: brace-expansion@1.1.11 want: ^1.0.0
226 silly placeDep ROOT concat-map@0.0.1 OK for: brace-expansion@1.1.11 want: 0.0.1
227 timing idealTree:node_modules/brace-expansion Completed in 1ms
228 timing idealTree:node_modules/balanced-match Completed in 0ms
229 timing idealTree:node_modules/concat-map Completed in 0ms
230 timing idealTree:node_modules/once Completed in 0ms
231 timing idealTree:node_modules/path-is-absolute Completed in 0ms
232 silly placeDep ROOT lru-cache@6.0.0 OK for: semver@7.5.4 want: ^6.0.0
233 timing idealTree:node_modules/semver Completed in 0ms
234 silly placeDep ROOT yallist@4.0.0 OK for: lru-cache@6.0.0 want: ^4.0.0
235 timing idealTree:node_modules/lru-cache Completed in 1ms
236 timing idealTree:node_modules/set-blocking Completed in 0ms
237 timing idealTree:node_modules/signal-exit Completed in 0ms
238 silly placeDep ROOT chownr@1.1.4 OK for: tar@4.4.19 want: ^1.1.4
239 silly placeDep ROOT fs-minipass@1.2.7 OK for: tar@4.4.19 want: ^1.2.7
240 silly fetch manifest minipass@^2.6.0
241 silly placeDep ROOT minipass@2.9.0 OK for: tar@4.4.19 want: ^2.9.0
242 silly fetch manifest yallist@^3.0.0
243 silly placeDep ROOT minizlib@1.3.3 OK for: tar@4.4.19 want: ^1.3.3
244 silly placeDep ROOT mkdirp@0.5.6 OK for: tar@4.4.19 want: ^0.5.5
245 silly fetch manifest minimist@^1.2.6
246 silly placeDep node_modules/tar yallist@3.1.1 OK for: tar@4.4.19 want: ^3.1.1
247 http fetch GET 200 https://registry.npmjs.org/minimist 78ms (cache miss)
248 timing idealTree:node_modules/tar Completed in 83ms
249 timing idealTree:node_modules/chownr Completed in 0ms
250 timing idealTree:node_modules/fs-minipass Completed in 0ms
251 silly placeDep node_modules/minipass yallist@3.1.1 OK for: minipass@2.9.0 want: ^3.0.0
252 timing idealTree:node_modules/minipass Completed in 1ms
253 timing idealTree:node_modules/minizlib Completed in 0ms
254 silly placeDep ROOT minimist@1.2.8 OK for: mkdirp@0.5.6 want: ^1.2.6
255 timing idealTree:node_modules/mkdirp Completed in 1ms
256 timing idealTree:node_modules/minimist Completed in 0ms
257 timing idealTree:node_modules/util-deprecate Completed in 0ms
258 timing idealTree:node_modules/wide-align Completed in 0ms
259 timing idealTree:node_modules/wrappy Completed in 0ms
260 timing idealTree:node_modules/yallist Completed in 0ms
261 silly placeDep node_modules/@mapbox/node-pre-gyp agent-base@6.0.2 OK for: https-proxy-agent@5.0.1 want: 6
262 silly placeDep node_modules/@mapbox/node-pre-gyp debug@4.3.4 OK for: https-proxy-agent@5.0.1 want: 4
263 silly fetch manifest ms@2.1.2
264 timing idealTree:node_modules/@mapbox/node-pre-gyp/node_modules/https-proxy-agent Completed in 5ms
265 timing idealTree:node_modules/@mapbox/node-pre-gyp/node_modules/agent-base Completed in 0ms
266 silly placeDep node_modules/@mapbox/node-pre-gyp ms@2.1.2 OK for: debug@4.3.4 want: 2.1.2
267 timing idealTree:node_modules/@mapbox/node-pre-gyp/node_modules/debug Completed in 1ms
268 timing idealTree:node_modules/@mapbox/node-pre-gyp/node_modules/ms Completed in 0ms
269 timing idealTree:node_modules/@mapbox/node-pre-gyp/node_modules/node-fetch Completed in 0ms
270 timing idealTree:node_modules/@mapbox/node-pre-gyp/node_modules/rimraf Completed in 0ms
271 silly placeDep node_modules/@mapbox/node-pre-gyp chownr@2.0.0 OK for: tar@6.2.0 want: ^2.0.0
272 silly placeDep node_modules/@mapbox/node-pre-gyp fs-minipass@2.1.0 OK for: tar@6.2.0 want: ^2.0.0
273 silly fetch manifest minipass@^3.0.0
274 silly placeDep node_modules/@mapbox/node-pre-gyp minipass@5.0.0 OK for: tar@6.2.0 want: ^5.0.0
275 silly placeDep node_modules/@mapbox/node-pre-gyp minizlib@2.1.2 OK for: tar@6.2.0 want: ^2.1.1
276 silly placeDep node_modules/@mapbox/node-pre-gyp mkdirp@1.0.4 OK for: tar@6.2.0 want: ^1.0.3
277 timing idealTree:node_modules/@mapbox/node-pre-gyp/node_modules/tar Completed in 7ms
278 timing idealTree:node_modules/@mapbox/node-pre-gyp/node_modules/chownr Completed in 0ms
279 silly placeDep node_modules/@mapbox/node-pre-gyp/node_modules/fs-minipass minipass@3.3.6 OK for: fs-minipass@2.1.0 want: ^3.0.0
280 timing idealTree:node_modules/@mapbox/node-pre-gyp/node_modules/fs-minipass Completed in 1ms
281 timing idealTree:node_modules/@mapbox/node-pre-gyp/node_modules/minipass Completed in 0ms
282 silly placeDep node_modules/@mapbox/node-pre-gyp/node_modules/minizlib minipass@3.3.6 OK for: minizlib@2.1.2 want: ^3.0.0
283 timing idealTree:node_modules/@mapbox/node-pre-gyp/node_modules/minizlib Completed in 0ms
284 timing idealTree:node_modules/@mapbox/node-pre-gyp/node_modules/mkdirp Completed in 0ms
285 silly placeDep node_modules/https-proxy-agent ms@2.1.3 OK for: debug@3.2.7 want: ^2.1.1
286 timing idealTree:node_modules/https-proxy-agent/node_modules/debug Completed in 1ms
287 timing idealTree:node_modules/https-proxy-agent/node_modules/ms Completed in 0ms
288 timing idealTree:node_modules/make-dir/node_modules/semver Completed in 0ms
289 timing idealTree:node_modules/minipass/node_modules/yallist Completed in 0ms
290 timing idealTree:node_modules/tar/node_modules/yallist Completed in 0ms
291 timing idealTree:node_modules/@mapbox/node-pre-gyp/node_modules/fs-minipass/node_modules/minipass Completed in 0ms
292 timing idealTree:node_modules/@mapbox/node-pre-gyp/node_modules/minizlib/node_modules/minipass Completed in 0ms
293 timing idealTree:buildDeps Completed in 4683ms
294 timing idealTree:fixDepFlags Completed in 2ms
295 timing idealTree Completed in 4727ms
296 timing reify:loadTrees Completed in 4727ms
297 timing reify:diffTrees Completed in 4ms
298 silly reify moves {}
299 timing reify:retireShallow Completed in 2ms
300 timing reify:createSparse Completed in 15ms
301 timing reify:loadBundles Completed in 0ms
302 silly audit bulk request {
302 silly audit   '@tensorflow-models/toxicity': [ '1.2.2' ],
302 silly audit   '@tensorflow-models/universal-sentence-encoder': [ '1.2.2' ],
302 silly audit   '@tensorflow/tfjs': [ '4.14.0' ],
302 silly audit   '@tensorflow/tfjs-converter': [ '1.7.4', '4.14.0' ],
302 silly audit   '@tensorflow/tfjs-core': [ '1.7.4', '4.14.0' ],
302 silly audit   seedrandom: [ '2.4.3', '3.0.5' ],
302 silly audit   '@tensorflow/tfjs-backend-cpu': [ '4.14.0' ],
302 silly audit   '@tensorflow/tfjs-backend-webgl': [ '4.14.0' ],
302 silly audit   '@types/offscreencanvas': [ '2019.7.3', '2019.3.0' ],
302 silly audit   '@tensorflow/tfjs-data': [ '4.14.0' ],
302 silly audit   '@tensorflow/tfjs-layers': [ '4.14.0' ],
302 silly audit   '@types/seedrandom': [ '2.4.34', '2.4.27' ],
302 silly audit   'node-fetch': [ '2.6.13', '2.1.2', '2.7.0' ],
302 silly audit   '@types/long': [ '4.0.2' ],
302 silly audit   '@types/node': [ '20.10.2' ],
302 silly audit   '@types/node-fetch': [ '2.6.9' ],
302 silly audit   '@types/webgl-ext': [ '0.0.30' ],
302 silly audit   '@types/webgl2': [ '0.0.4' ],
302 silly audit   '@webgpu/types': [ '0.1.38' ],
302 silly audit   accepts: [ '1.3.8' ],
302 silly audit   'ansi-regex': [ '5.0.1' ],
302 silly audit   'ansi-styles': [ '4.3.0' ],
302 silly audit   argparse: [ '1.0.10' ],
302 silly audit   'array-flatten': [ '1.1.1' ],
302 silly audit   asynckit: [ '0.4.0' ],
302 silly audit   bluebird: [ '3.7.2' ],
302 silly audit   'body-parser': [ '1.20.1' ],
302 silly audit   bytes: [ '3.1.2' ],
302 silly audit   'call-bind': [ '1.0.5' ],
302 silly audit   chalk: [ '4.1.2' ],
302 silly audit   cliui: [ '7.0.4' ],
302 silly audit   'color-convert': [ '2.0.1' ],
302 silly audit   'color-name': [ '1.1.4' ],
302 silly audit   'combined-stream': [ '1.0.8' ],
302 silly audit   'content-disposition': [ '0.5.4' ],
302 silly audit   'content-type': [ '1.0.5' ],
302 silly audit   cookie: [ '0.5.0' ],
302 silly audit   'cookie-signature': [ '1.0.6' ],
302 silly audit   'core-js': [ '3.29.1' ],
302 silly audit   csvtojson: [ '2.0.10' ],
302 silly audit   debug: [ '2.6.9', '3.2.7', '4.3.4' ],
302 silly audit   'define-data-property': [ '1.1.1' ],
302 silly audit   'delayed-stream': [ '1.0.0' ],
302 silly audit   depd: [ '2.0.0' ],
302 silly audit   destroy: [ '1.2.0' ],
302 silly audit   'ee-first': [ '1.1.1' ],
302 silly audit   'emoji-regex': [ '8.0.0' ],
302 silly audit   encodeurl: [ '1.0.2' ],
302 silly audit   escalade: [ '3.1.1' ],
302 silly audit   'escape-html': [ '1.0.3' ],
302 silly audit   etag: [ '1.8.1' ],
302 silly audit   express: [ '4.18.2' ],
302 silly audit   finalhandler: [ '1.2.0' ],
302 silly audit   'form-data': [ '4.0.0' ],
302 silly audit   forwarded: [ '0.2.0' ],
302 silly audit   fresh: [ '0.5.2' ],
302 silly audit   fs: [ '0.0.1-security' ],
302 silly audit   'function-bind': [ '1.1.2' ],
302 silly audit   'get-caller-file': [ '2.0.5' ],
302 silly audit   'get-intrinsic': [ '1.2.2' ],
302 silly audit   gopd: [ '1.0.1' ],
302 silly audit   'has-flag': [ '4.0.0' ],
302 silly audit   'has-property-descriptors': [ '1.0.1' ],
302 silly audit   'has-proto': [ '1.0.1' ],
302 silly audit   'has-symbols': [ '1.0.3' ],
302 silly audit   hasown: [ '2.0.0' ],
302 silly audit   'http-errors': [ '2.0.0' ],
302 silly audit   'iconv-lite': [ '0.4.24' ],
302 silly audit   inherits: [ '2.0.4' ],
302 silly audit   'ipaddr.js': [ '1.9.1' ],
302 silly audit   'is-fullwidth-code-point': [ '3.0.0' ],
302 silly audit   'is-utf8': [ '0.2.1' ],
302 silly audit   lodash: [ '4.17.21' ],
302 silly audit   long: [ '4.0.0' ],
302 silly audit   'media-typer': [ '0.3.0' ],
302 silly audit   'merge-descriptors': [ '1.0.1' ],
302 silly audit   methods: [ '1.1.2' ],
302 silly audit   mime: [ '1.6.0' ],
302 silly audit   'mime-db': [ '1.52.0' ],
302 silly audit   'mime-types': [ '2.1.35' ],
302 silly audit   ms: [ '2.0.0', '2.1.3', '2.1.2' ],
302 silly audit   negotiator: [ '0.6.3' ],
302 silly audit   'object-inspect': [ '1.13.1' ],
302 silly audit   'on-finished': [ '2.4.1' ],
302 silly audit   parseurl: [ '1.3.3' ],
302 silly audit   'path-to-regexp': [ '0.1.7' ],
302 silly audit   'proxy-addr': [ '2.0.7' ],
302 silly audit   qs: [ '6.11.0' ],
302 silly audit   'range-parser': [ '1.2.1' ],
302 silly audit   'raw-body': [ '2.5.1' ],
302 silly audit   'regenerator-runtime': [ '0.13.11' ],
302 silly audit   'require-directory': [ '2.1.1' ],
302 silly audit   'safe-buffer': [ '5.2.1' ],
302 silly audit   'safer-buffer': [ '2.1.2' ],
302 silly audit   send: [ '0.18.0' ],
302 silly audit   'serve-static': [ '1.15.0' ],
302 silly audit   'set-function-length': [ '1.1.1' ],
302 silly audit   setprototypeof: [ '1.2.0' ],
302 silly audit   'side-channel': [ '1.0.4' ],
302 silly audit   'sprintf-js': [ '1.0.3' ],
302 silly audit   statuses: [ '2.0.1' ],
302 silly audit   string_decoder: [ '1.3.0' ],
302 silly audit   'string-width': [ '4.2.3' ],
302 silly audit   'strip-ansi': [ '6.0.1' ],
302 silly audit   'strip-bom': [ '2.0.0' ],
302 silly audit   'supports-color': [ '7.2.0' ],
302 silly audit   toidentifier: [ '1.0.1' ],
302 silly audit   tr46: [ '0.0.3' ],
302 silly audit   'type-is': [ '1.6.18' ],
302 silly audit   'undici-types': [ '5.26.5' ],
302 silly audit   unpipe: [ '1.0.0' ],
302 silly audit   'utils-merge': [ '1.0.1' ],
302 silly audit   vary: [ '1.1.2' ],
302 silly audit   'webidl-conversions': [ '3.0.1' ],
302 silly audit   'whatwg-url': [ '5.0.0' ],
302 silly audit   'wrap-ansi': [ '7.0.0' ],
302 silly audit   y18n: [ '5.0.8' ],
302 silly audit   yargs: [ '16.2.0' ],
302 silly audit   'yargs-parser': [ '20.2.9' ],
302 silly audit   '@tensorflow/tfjs-node': [ '4.14.0' ],
302 silly audit   '@mapbox/node-pre-gyp': [ '1.0.9' ],
302 silly audit   'adm-zip': [ '0.5.10' ],
302 silly audit   'google-protobuf': [ '3.21.2' ],
302 silly audit   'https-proxy-agent': [ '2.2.4', '5.0.1' ],
302 silly audit   progress: [ '2.0.3' ],
302 silly audit   rimraf: [ '2.7.1', '3.0.2' ],
302 silly audit   tar: [ '4.4.19', '6.2.0' ],
302 silly audit   'detect-libc': [ '2.0.2' ],
302 silly audit   'make-dir': [ '3.1.0' ],
302 silly audit   nopt: [ '5.0.0' ],
302 silly audit   npmlog: [ '5.0.1' ],
302 silly audit   semver: [ '7.5.4', '6.3.1' ],
302 silly audit   'agent-base': [ '4.3.0', '6.0.2' ],
302 silly audit   'es6-promisify': [ '5.0.0' ],
302 silly audit   'es6-promise': [ '4.2.8' ],
302 silly audit   abbrev: [ '1.1.1' ],
302 silly audit   'are-we-there-yet': [ '2.0.0' ],
302 silly audit   'console-control-strings': [ '1.1.0' ],
302 silly audit   gauge: [ '3.0.2' ],
302 silly audit   'set-blocking': [ '2.0.0' ],
302 silly audit   delegates: [ '1.0.0' ],
302 silly audit   'readable-stream': [ '3.6.2' ],
302 silly audit   aproba: [ '2.0.0' ],
302 silly audit   'color-support': [ '1.1.3' ],
302 silly audit   'has-unicode': [ '2.0.1' ],
302 silly audit   'object-assign': [ '4.1.1' ],
302 silly audit   'signal-exit': [ '3.0.7' ],
302 silly audit   'wide-align': [ '1.1.5' ],
302 silly audit   'util-deprecate': [ '1.0.2' ],
302 silly audit   glob: [ '7.2.3' ],
302 silly audit   'fs.realpath': [ '1.0.0' ],
302 silly audit   inflight: [ '1.0.6' ],
302 silly audit   minimatch: [ '3.1.2' ],
302 silly audit   once: [ '1.4.0' ],
302 silly audit   'path-is-absolute': [ '1.0.1' ],
302 silly audit   wrappy: [ '1.0.2' ],
302 silly audit   'brace-expansion': [ '1.1.11' ],
302 silly audit   'balanced-match': [ '1.0.2' ],
302 silly audit   'concat-map': [ '0.0.1' ],
302 silly audit   'lru-cache': [ '6.0.0' ],
302 silly audit   yallist: [ '4.0.0', '3.1.1' ],
302 silly audit   chownr: [ '1.1.4', '2.0.0' ],
302 silly audit   'fs-minipass': [ '1.2.7', '2.1.0' ],
302 silly audit   minipass: [ '2.9.0', '5.0.0', '3.3.6' ],
302 silly audit   minizlib: [ '1.3.3', '2.1.2' ],
302 silly audit   mkdirp: [ '0.5.6', '1.0.4' ],
302 silly audit   minimist: [ '1.2.8' ]
302 silly audit }
303 silly tarball no local data for mkdirp@https://registry.npmjs.org/mkdirp/-/mkdirp-0.5.6.tgz. Extracting by manifest.
304 silly tarball no local data for minipass@https://registry.npmjs.org/minipass/-/minipass-2.9.0.tgz. Extracting by manifest.
305 silly tarball no local data for minimist@https://registry.npmjs.org/minimist/-/minimist-1.2.8.tgz. Extracting by manifest.
306 silly tarball no local data for chownr@https://registry.npmjs.org/chownr/-/chownr-1.1.4.tgz. Extracting by manifest.
307 silly tarball no local data for yallist@https://registry.npmjs.org/yallist/-/yallist-4.0.0.tgz. Extracting by manifest.
308 silly tarball no local data for minizlib@https://registry.npmjs.org/minizlib/-/minizlib-1.3.3.tgz. Extracting by manifest.
309 silly tarball no local data for concat-map@https://registry.npmjs.org/concat-map/-/concat-map-0.0.1.tgz. Extracting by manifest.
310 silly tarball no local data for fs-minipass@https://registry.npmjs.org/fs-minipass/-/fs-minipass-1.2.7.tgz. Extracting by manifest.
311 silly tarball no local data for brace-expansion@https://registry.npmjs.org/brace-expansion/-/brace-expansion-1.1.11.tgz. Extracting by manifest.
312 silly tarball no local data for once@https://registry.npmjs.org/once/-/once-1.4.0.tgz. Extracting by manifest.
313 silly tarball no local data for lru-cache@https://registry.npmjs.org/lru-cache/-/lru-cache-6.0.0.tgz. Extracting by manifest.
314 silly tarball no local data for balanced-match@https://registry.npmjs.org/balanced-match/-/balanced-match-1.0.2.tgz. Extracting by manifest.
315 silly tarball no local data for wrappy@https://registry.npmjs.org/wrappy/-/wrappy-1.0.2.tgz. Extracting by manifest.
316 silly tarball no local data for path-is-absolute@https://registry.npmjs.org/path-is-absolute/-/path-is-absolute-1.0.1.tgz. Extracting by manifest.
317 silly tarball no local data for util-deprecate@https://registry.npmjs.org/util-deprecate/-/util-deprecate-1.0.2.tgz. Extracting by manifest.
318 silly tarball no local data for minimatch@https://registry.npmjs.org/minimatch/-/minimatch-3.1.2.tgz. Extracting by manifest.
319 silly tarball no local data for glob@https://registry.npmjs.org/glob/-/glob-7.2.3.tgz. Extracting by manifest.
320 silly tarball no local data for fs.realpath@https://registry.npmjs.org/fs.realpath/-/fs.realpath-1.0.0.tgz. Extracting by manifest.
321 silly tarball no local data for inflight@https://registry.npmjs.org/inflight/-/inflight-1.0.6.tgz. Extracting by manifest.
322 silly tarball no local data for object-assign@https://registry.npmjs.org/object-assign/-/object-assign-4.1.1.tgz. Extracting by manifest.
323 silly tarball no local data for signal-exit@https://registry.npmjs.org/signal-exit/-/signal-exit-3.0.7.tgz. Extracting by manifest.
324 silly tarball no local data for aproba@https://registry.npmjs.org/aproba/-/aproba-2.0.0.tgz. Extracting by manifest.
325 silly tarball no local data for has-unicode@https://registry.npmjs.org/has-unicode/-/has-unicode-2.0.1.tgz. Extracting by manifest.
326 silly tarball no local data for wide-align@https://registry.npmjs.org/wide-align/-/wide-align-1.1.5.tgz. Extracting by manifest.
327 silly tarball no local data for readable-stream@https://registry.npmjs.org/readable-stream/-/readable-stream-3.6.2.tgz. Extracting by manifest.
328 silly tarball no local data for color-support@https://registry.npmjs.org/color-support/-/color-support-1.1.3.tgz. Extracting by manifest.
329 silly tarball no local data for set-blocking@https://registry.npmjs.org/set-blocking/-/set-blocking-2.0.0.tgz. Extracting by manifest.
330 silly tarball no local data for are-we-there-yet@https://registry.npmjs.org/are-we-there-yet/-/are-we-there-yet-2.0.0.tgz. Extracting by manifest.
331 silly tarball no local data for gauge@https://registry.npmjs.org/gauge/-/gauge-3.0.2.tgz. Extracting by manifest.
332 silly tarball no local data for delegates@https://registry.npmjs.org/delegates/-/delegates-1.0.0.tgz. Extracting by manifest.
333 silly tarball no local data for console-control-strings@https://registry.npmjs.org/console-control-strings/-/console-control-strings-1.1.0.tgz. Extracting by manifest.
334 silly tarball no local data for abbrev@https://registry.npmjs.org/abbrev/-/abbrev-1.1.1.tgz. Extracting by manifest.
335 silly tarball no local data for es6-promise@https://registry.npmjs.org/es6-promise/-/es6-promise-4.2.8.tgz. Extracting by manifest.
336 silly tarball no local data for npmlog@https://registry.npmjs.org/npmlog/-/npmlog-5.0.1.tgz. Extracting by manifest.
337 silly tarball no local data for agent-base@https://registry.npmjs.org/agent-base/-/agent-base-4.3.0.tgz. Extracting by manifest.
338 silly tarball no local data for es6-promisify@https://registry.npmjs.org/es6-promisify/-/es6-promisify-5.0.0.tgz. Extracting by manifest.
339 silly tarball no local data for semver@https://registry.npmjs.org/semver/-/semver-7.5.4.tgz. Extracting by manifest.
340 silly tarball no local data for nopt@https://registry.npmjs.org/nopt/-/nopt-5.0.0.tgz. Extracting by manifest.
341 silly tarball no local data for detect-libc@https://registry.npmjs.org/detect-libc/-/detect-libc-2.0.2.tgz. Extracting by manifest.
342 silly tarball no local data for rimraf@https://registry.npmjs.org/rimraf/-/rimraf-2.7.1.tgz. Extracting by manifest.
343 silly tarball no local data for make-dir@https://registry.npmjs.org/make-dir/-/make-dir-3.1.0.tgz. Extracting by manifest.
344 silly tarball no local data for progress@https://registry.npmjs.org/progress/-/progress-2.0.3.tgz. Extracting by manifest.
345 silly tarball no local data for google-protobuf@https://registry.npmjs.org/google-protobuf/-/google-protobuf-3.21.2.tgz. Extracting by manifest.
346 silly tarball no local data for https-proxy-agent@https://registry.npmjs.org/https-proxy-agent/-/https-proxy-agent-2.2.4.tgz. Extracting by manifest.
347 silly tarball no local data for adm-zip@https://registry.npmjs.org/adm-zip/-/adm-zip-0.5.10.tgz. Extracting by manifest.
348 silly tarball no local data for @mapbox/node-pre-gyp@https://registry.npmjs.org/@mapbox/node-pre-gyp/-/node-pre-gyp-1.0.9.tgz. Extracting by manifest.
349 silly tarball no local data for tar@https://registry.npmjs.org/tar/-/tar-4.4.19.tgz. Extracting by manifest.
350 silly tarball no local data for yallist@https://registry.npmjs.org/yallist/-/yallist-3.1.1.tgz. Extracting by manifest.
351 silly tarball no local data for yallist@https://registry.npmjs.org/yallist/-/yallist-3.1.1.tgz. Extracting by manifest.
352 silly tarball no local data for debug@https://registry.npmjs.org/debug/-/debug-3.2.7.tgz. Extracting by manifest.
353 silly tarball no local data for @tensorflow/tfjs-node@https://registry.npmjs.org/@tensorflow/tfjs-node/-/tfjs-node-4.14.0.tgz. Extracting by manifest.
354 silly tarball no local data for semver@https://registry.npmjs.org/semver/-/semver-6.3.1.tgz. Extracting by manifest.
355 silly tarball no local data for ms@https://registry.npmjs.org/ms/-/ms-2.1.3.tgz. Extracting by manifest.
356 silly tarball no local data for minipass@https://registry.npmjs.org/minipass/-/minipass-3.3.6.tgz. Extracting by manifest.
357 silly tarball no local data for minipass@https://registry.npmjs.org/minipass/-/minipass-3.3.6.tgz. Extracting by manifest.
358 silly tarball no local data for mkdirp@https://registry.npmjs.org/mkdirp/-/mkdirp-1.0.4.tgz. Extracting by manifest.
359 silly tarball no local data for fs-minipass@https://registry.npmjs.org/fs-minipass/-/fs-minipass-2.1.0.tgz. Extracting by manifest.
360 silly tarball no local data for minipass@https://registry.npmjs.org/minipass/-/minipass-5.0.0.tgz. Extracting by manifest.
361 silly tarball no local data for ms@https://registry.npmjs.org/ms/-/ms-2.1.2.tgz. Extracting by manifest.
362 silly tarball no local data for debug@https://registry.npmjs.org/debug/-/debug-4.3.4.tgz. Extracting by manifest.
363 silly tarball no local data for tar@https://registry.npmjs.org/tar/-/tar-6.2.0.tgz. Extracting by manifest.
364 silly tarball no local data for chownr@https://registry.npmjs.org/chownr/-/chownr-2.0.0.tgz. Extracting by manifest.
365 silly tarball no local data for agent-base@https://registry.npmjs.org/agent-base/-/agent-base-6.0.2.tgz. Extracting by manifest.
366 silly tarball no local data for rimraf@https://registry.npmjs.org/rimraf/-/rimraf-3.0.2.tgz. Extracting by manifest.
367 silly tarball no local data for minizlib@https://registry.npmjs.org/minizlib/-/minizlib-2.1.2.tgz. Extracting by manifest.
368 silly tarball no local data for node-fetch@https://registry.npmjs.org/node-fetch/-/node-fetch-2.7.0.tgz. Extracting by manifest.
369 silly tarball no local data for https-proxy-agent@https://registry.npmjs.org/https-proxy-agent/-/https-proxy-agent-5.0.1.tgz. Extracting by manifest.
370 http fetch GET 200 https://registry.npmjs.org/minipass/-/minipass-2.9.0.tgz 140ms (cache miss)
371 timing reifyNode:node_modules/minipass Completed in 161ms
372 http fetch GET 200 https://registry.npmjs.org/chownr/-/chownr-1.1.4.tgz 140ms (cache miss)
373 timing reifyNode:node_modules/chownr Completed in 162ms
374 http fetch GET 200 https://registry.npmjs.org/mkdirp/-/mkdirp-0.5.6.tgz 144ms (cache miss)
375 http fetch GET 200 https://registry.npmjs.org/path-is-absolute/-/path-is-absolute-1.0.1.tgz 135ms (cache miss)
376 timing reifyNode:node_modules/path-is-absolute Completed in 162ms
377 http fetch GET 200 https://registry.npmjs.org/once/-/once-1.4.0.tgz 138ms (cache miss)
378 timing reifyNode:node_modules/once Completed in 163ms
379 http fetch GET 200 https://registry.npmjs.org/wrappy/-/wrappy-1.0.2.tgz 136ms (cache miss)
380 timing reifyNode:node_modules/wrappy Completed in 163ms
381 http fetch GET 200 https://registry.npmjs.org/yallist/-/yallist-4.0.0.tgz 143ms (cache miss)
382 http fetch GET 200 https://registry.npmjs.org/balanced-match/-/balanced-match-1.0.2.tgz 138ms (cache miss)
383 http fetch GET 200 https://registry.npmjs.org/minizlib/-/minizlib-1.3.3.tgz 141ms (cache miss)
384 http fetch GET 200 https://registry.npmjs.org/fs-minipass/-/fs-minipass-1.2.7.tgz 141ms (cache miss)
385 timing reifyNode:node_modules/fs-minipass Completed in 166ms
386 timing reifyNode:node_modules/yallist Completed in 167ms
387 http fetch GET 200 https://registry.npmjs.org/lru-cache/-/lru-cache-6.0.0.tgz 140ms (cache miss)
388 timing reifyNode:node_modules/lru-cache Completed in 166ms
389 timing reifyNode:node_modules/minizlib Completed in 167ms
390 timing reifyNode:node_modules/balanced-match Completed in 167ms
391 http fetch GET 200 https://registry.npmjs.org/brace-expansion/-/brace-expansion-1.1.11.tgz 142ms (cache miss)
392 timing reifyNode:node_modules/brace-expansion Completed in 168ms
393 timing reifyNode:node_modules/mkdirp Completed in 169ms
394 http fetch GET 200 https://registry.npmjs.org/concat-map/-/concat-map-0.0.1.tgz 144ms (cache miss)
395 timing reifyNode:node_modules/concat-map Completed in 169ms
396 http fetch POST 200 https://registry.npmjs.org/-/npm/v1/security/advisories/bulk 177ms
397 timing auditReport:getReport Completed in 180ms
398 silly audit report {
398 silly audit report   'node-fetch': [
398 silly audit report     {
398 silly audit report       id: 1095073,
398 silly audit report       url: 'https://github.com/advisories/GHSA-r683-j2x4-v87g',
398 silly audit report       title: 'node-fetch forwards secure headers to untrusted sites',
398 silly audit report       severity: 'high',
398 silly audit report       vulnerable_versions: '<2.6.7',
398 silly audit report       cwe: [Array],
398 silly audit report       cvss: [Object]
398 silly audit report     },
398 silly audit report     {
398 silly audit report       id: 1091791,
398 silly audit report       url: 'https://github.com/advisories/GHSA-w7rc-rwvf-8q5r',
398 silly audit report       title: "The `size` option isn't honored after following a redirect in node-fetch",
398 silly audit report       severity: 'low',
398 silly audit report       vulnerable_versions: '<2.6.1',
398 silly audit report       cwe: [Array],
398 silly audit report       cvss: [Object]
398 silly audit report     }
398 silly audit report   ]
398 silly audit report }
399 timing metavuln:packument:node-fetch Completed in 0ms
400 timing metavuln:cache:get:security-advisory:node-fetch:Wb+t4nAQ2QbaIBANpGyR0NxscSBZkieQWww78xJqkUCEc1IjJximva83HGHVo/GYYeWrc8xY5cA+dCV5VX2QDA== Completed in 1ms
401 timing metavuln:load:security-advisory:node-fetch:1095073 Completed in 2ms
402 timing metavuln:cache:get:security-advisory:node-fetch:3AIKyyHwL3WdZ0LMb5NUD5SCihf0mRhTEKIho/8f4pBEsprUMoTOKSP6EI0odg05cLGa1OfGn7gnVBE2VYFbPw== Completed in 4ms
403 timing metavuln:load:security-advisory:node-fetch:1091791 Completed in 2ms
404 http fetch GET 200 https://registry.npmjs.org/util-deprecate/-/util-deprecate-1.0.2.tgz 190ms (cache miss)
405 timing metavuln:cache:put:security-advisory:node-fetch:Wb+t4nAQ2QbaIBANpGyR0NxscSBZkieQWww78xJqkUCEc1IjJximva83HGHVo/GYYeWrc8xY5cA+dCV5VX2QDA== Completed in 42ms
406 timing metavuln:calculate:security-advisory:node-fetch:1095073 Completed in 47ms
407 timing metavuln:cache:put:security-advisory:node-fetch:3AIKyyHwL3WdZ0LMb5NUD5SCihf0mRhTEKIho/8f4pBEsprUMoTOKSP6EI0odg05cLGa1OfGn7gnVBE2VYFbPw== Completed in 40ms
408 timing metavuln:calculate:security-advisory:node-fetch:1091791 Completed in 46ms
409 timing metavuln:cache:get:security-advisory:@tensorflow/tfjs-core:KyrEc4W1atNDQt7QbFrrVW8i0Dj5Ul3C4oBMH2Y1n+iy4mayKockdROuynKxVv0CK58phZ2kS2UnC/B9izMd4Q== Completed in 2ms
410 http fetch GET 200 https://registry.npmjs.org/object-assign/-/object-assign-4.1.1.tgz 195ms (cache miss)
411 timing reifyNode:node_modules/object-assign Completed in 225ms
412 http fetch GET 200 https://registry.npmjs.org/inflight/-/inflight-1.0.6.tgz 196ms (cache miss)
413 timing reifyNode:node_modules/inflight Completed in 226ms
414 timing reifyNode:node_modules/util-deprecate Completed in 227ms
415 http fetch GET 200 https://registry.npmjs.org/aproba/-/aproba-2.0.0.tgz 196ms (cache miss)
416 http fetch GET 200 https://registry.npmjs.org/color-support/-/color-support-1.1.3.tgz 195ms (cache miss)
417 http fetch GET 200 https://registry.npmjs.org/wide-align/-/wide-align-1.1.5.tgz 197ms (cache miss)
418 timing reifyNode:node_modules/wide-align Completed in 229ms
419 timing reifyNode:node_modules/aproba Completed in 231ms
420 http fetch GET 200 https://registry.npmjs.org/has-unicode/-/has-unicode-2.0.1.tgz 200ms (cache miss)
421 timing reifyNode:node_modules/has-unicode Completed in 231ms
422 http fetch GET 200 https://registry.npmjs.org/set-blocking/-/set-blocking-2.0.0.tgz 198ms (cache miss)
423 http fetch GET 200 https://registry.npmjs.org/signal-exit/-/signal-exit-3.0.7.tgz 202ms (cache miss)
424 http fetch GET 200 https://registry.npmjs.org/minimatch/-/minimatch-3.1.2.tgz 204ms (cache miss)
425 timing reifyNode:node_modules/minimatch Completed in 232ms
426 timing reifyNode:node_modules/set-blocking Completed in 232ms
427 http fetch GET 200 https://registry.npmjs.org/fs.realpath/-/fs.realpath-1.0.0.tgz 204ms (cache miss)
428 timing reifyNode:node_modules/signal-exit Completed in 233ms
429 timing reifyNode:node_modules/color-support Completed in 234ms
430 timing reifyNode:node_modules/fs.realpath Completed in 234ms
431 http fetch GET 200 https://registry.npmjs.org/are-we-there-yet/-/are-we-there-yet-2.0.0.tgz 208ms (cache miss)
432 timing reifyNode:node_modules/are-we-there-yet Completed in 242ms
433 http fetch GET 200 https://registry.npmjs.org/glob/-/glob-7.2.3.tgz 224ms (cache miss)
434 timing reifyNode:node_modules/glob Completed in 253ms
435 http fetch GET 200 https://registry.npmjs.org/delegates/-/delegates-1.0.0.tgz 226ms (cache miss)
436 http fetch GET 200 https://registry.npmjs.org/minimist/-/minimist-1.2.8.tgz 243ms (cache miss)
437 timing reifyNode:node_modules/minimist Completed in 273ms
438 http fetch GET 200 https://registry.npmjs.org/console-control-strings/-/console-control-strings-1.1.0.tgz 259ms (cache miss)
439 http fetch GET 200 https://registry.npmjs.org/npmlog/-/npmlog-5.0.1.tgz 257ms (cache miss)
440 timing reifyNode:node_modules/npmlog Completed in 298ms
441 timing reifyNode:node_modules/console-control-strings Completed in 299ms
442 http fetch GET 200 https://registry.npmjs.org/abbrev/-/abbrev-1.1.1.tgz 278ms (cache miss)
443 timing reifyNode:node_modules/abbrev Completed in 313ms
444 timing reifyNode:node_modules/delegates Completed in 315ms
445 http fetch GET 200 https://registry.npmjs.org/es6-promisify/-/es6-promisify-5.0.0.tgz 287ms (cache miss)
446 timing reifyNode:node_modules/es6-promisify Completed in 323ms
447 http fetch GET 200 https://registry.npmjs.org/rimraf/-/rimraf-2.7.1.tgz 286ms (cache miss)
448 http fetch GET 200 https://registry.npmjs.org/make-dir/-/make-dir-3.1.0.tgz 289ms (cache miss)
449 timing reifyNode:node_modules/rimraf Completed in 327ms
450 timing reifyNode:node_modules/make-dir Completed in 332ms
451 http fetch GET 200 https://registry.npmjs.org/progress/-/progress-2.0.3.tgz 297ms (cache miss)
452 http fetch GET 200 https://registry.npmjs.org/nopt/-/nopt-5.0.0.tgz 316ms (cache miss)
453 http fetch GET 200 https://registry.npmjs.org/yallist/-/yallist-3.1.1.tgz 313ms (cache miss)
454 http fetch GET 200 https://registry.npmjs.org/detect-libc/-/detect-libc-2.0.2.tgz 317ms (cache miss)
455 timing reifyNode:node_modules/nopt Completed in 358ms
456 timing reifyNode:node_modules/tar/node_modules/yallist Completed in 358ms
457 timing reifyNode:node_modules/detect-libc Completed in 365ms
458 http fetch GET 200 https://registry.npmjs.org/https-proxy-agent/-/https-proxy-agent-2.2.4.tgz 327ms (cache miss)
459 timing reifyNode:node_modules/progress Completed in 368ms
460 timing reifyNode:node_modules/https-proxy-agent Completed in 369ms
461 http fetch GET 200 https://registry.npmjs.org/ms/-/ms-2.1.3.tgz 334ms (cache miss)
462 timing reifyNode:node_modules/https-proxy-agent/node_modules/ms Completed in 379ms
463 http fetch GET 200 https://registry.npmjs.org/yallist/-/yallist-3.1.1.tgz 341ms (cache miss)
464 http fetch GET 200 https://registry.npmjs.org/agent-base/-/agent-base-4.3.0.tgz 347ms (cache miss)
465 timing reifyNode:node_modules/minipass/node_modules/yallist Completed in 385ms
466 http fetch GET 200 https://registry.npmjs.org/minipass/-/minipass-3.3.6.tgz 338ms (cache miss)
467 timing reifyNode:node_modules/agent-base Completed in 387ms
468 timing reifyNode:node_modules/@mapbox/node-pre-gyp/node_modules/fs-minipass/node_modules/minipass Completed in 388ms
469 http fetch GET 200 https://registry.npmjs.org/fs-minipass/-/fs-minipass-2.1.0.tgz 342ms (cache miss)
470 timing reifyNode:node_modules/@mapbox/node-pre-gyp/node_modules/fs-minipass Completed in 389ms
471 http fetch GET 200 https://registry.npmjs.org/ms/-/ms-2.1.2.tgz 341ms (cache miss)
472 timing reifyNode:node_modules/@mapbox/node-pre-gyp/node_modules/ms Completed in 389ms
473 http fetch GET 200 https://registry.npmjs.org/minipass/-/minipass-3.3.6.tgz 348ms (cache miss)
474 http fetch GET 200 https://registry.npmjs.org/semver/-/semver-6.3.1.tgz 352ms (cache miss)
475 timing reifyNode:node_modules/make-dir/node_modules/semver Completed in 397ms
476 timing reifyNode:node_modules/@mapbox/node-pre-gyp/node_modules/minizlib/node_modules/minipass Completed in 403ms
477 http fetch GET 200 https://registry.npmjs.org/minipass/-/minipass-5.0.0.tgz 358ms (cache miss)
478 timing reifyNode:node_modules/@mapbox/node-pre-gyp/node_modules/minipass Completed in 408ms
479 http fetch GET 200 https://registry.npmjs.org/readable-stream/-/readable-stream-3.6.2.tgz 379ms (cache miss)
480 timing reifyNode:node_modules/readable-stream Completed in 411ms
481 http fetch GET 200 https://registry.npmjs.org/gauge/-/gauge-3.0.2.tgz 383ms (cache miss)
482 timing reifyNode:node_modules/gauge Completed in 419ms
483 http fetch GET 200 https://registry.npmjs.org/chownr/-/chownr-2.0.0.tgz 371ms (cache miss)
484 timing reifyNode:node_modules/@mapbox/node-pre-gyp/node_modules/chownr Completed in 420ms
485 http fetch GET 200 https://registry.npmjs.org/debug/-/debug-3.2.7.tgz 380ms (cache miss)
486 timing reifyNode:node_modules/https-proxy-agent/node_modules/debug Completed in 424ms
487 http fetch GET 200 https://registry.npmjs.org/minizlib/-/minizlib-2.1.2.tgz 372ms (cache miss)
488 http fetch GET 200 https://registry.npmjs.org/mkdirp/-/mkdirp-1.0.4.tgz 378ms (cache miss)
489 timing reifyNode:node_modules/@mapbox/node-pre-gyp/node_modules/minizlib Completed in 427ms
490 http fetch GET 200 https://registry.npmjs.org/rimraf/-/rimraf-3.0.2.tgz 378ms (cache miss)
491 timing reifyNode:node_modules/@mapbox/node-pre-gyp/node_modules/mkdirp Completed in 429ms
492 timing reifyNode:node_modules/@mapbox/node-pre-gyp/node_modules/rimraf Completed in 431ms
493 http fetch GET 200 https://registry.npmjs.org/debug/-/debug-4.3.4.tgz 388ms (cache miss)
494 timing reifyNode:node_modules/@mapbox/node-pre-gyp/node_modules/debug Completed in 437ms
495 http fetch GET 200 https://registry.npmjs.org/adm-zip/-/adm-zip-0.5.10.tgz 400ms (cache miss)
496 timing reifyNode:node_modules/adm-zip Completed in 440ms
497 http fetch GET 200 https://registry.npmjs.org/agent-base/-/agent-base-6.0.2.tgz 392ms (cache miss)
498 http fetch GET 200 https://registry.npmjs.org/https-proxy-agent/-/https-proxy-agent-5.0.1.tgz 387ms (cache miss)
499 timing reifyNode:node_modules/@mapbox/node-pre-gyp/node_modules/agent-base Completed in 443ms
500 timing reifyNode:node_modules/@mapbox/node-pre-gyp/node_modules/https-proxy-agent Completed in 444ms
501 http fetch GET 200 https://registry.npmjs.org/node-fetch/-/node-fetch-2.7.0.tgz 395ms (cache miss)
502 timing reifyNode:node_modules/@mapbox/node-pre-gyp/node_modules/node-fetch Completed in 448ms
503 http fetch GET 200 https://registry.npmjs.org/es6-promise/-/es6-promise-4.2.8.tgz 420ms (cache miss)
504 timing reifyNode:node_modules/es6-promise Completed in 456ms
505 http fetch GET 200 https://registry.npmjs.org/google-protobuf/-/google-protobuf-3.21.2.tgz 423ms (cache miss)
506 timing reifyNode:node_modules/google-protobuf Completed in 462ms
507 http fetch GET 200 https://registry.npmjs.org/tar/-/tar-4.4.19.tgz 423ms (cache miss)
508 timing reifyNode:node_modules/tar Completed in 463ms
509 http fetch GET 200 https://registry.npmjs.org/tar/-/tar-6.2.0.tgz 419ms (cache miss)
510 timing reifyNode:node_modules/@mapbox/node-pre-gyp/node_modules/tar Completed in 468ms
511 http fetch GET 200 https://registry.npmjs.org/semver/-/semver-7.5.4.tgz 441ms (cache miss)
512 timing reifyNode:node_modules/semver Completed in 479ms
513 http fetch GET 200 https://registry.npmjs.org/@mapbox/node-pre-gyp/-/node-pre-gyp-1.0.9.tgz 770ms (cache miss)
514 timing reifyNode:node_modules/@mapbox/node-pre-gyp Completed in 810ms
515 http fetch GET 200 https://registry.npmjs.org/@tensorflow/tfjs-node/-/tfjs-node-4.14.0.tgz 1109ms (cache miss)
516 timing reifyNode:node_modules/@tensorflow/tfjs-node Completed in 1153ms
517 timing reify:unpack Completed in 1156ms
518 timing reify:unretire Completed in 0ms
519 timing build:queue Completed in 2ms
520 timing build:link:node_modules/@mapbox/node-pre-gyp Completed in 10ms
521 timing build:link:node_modules/make-dir/node_modules/semver Completed in 9ms
522 timing build:link:node_modules/@mapbox/node-pre-gyp/node_modules/mkdirp Completed in 9ms
523 timing build:link:node_modules/color-support Completed in 9ms
524 timing build:link:node_modules/mkdirp Completed in 9ms
525 timing build:link:node_modules/nopt Completed in 9ms
526 timing build:link:node_modules/rimraf Completed in 9ms
527 timing build:link:node_modules/@mapbox/node-pre-gyp/node_modules/rimraf Completed in 9ms
528 timing build:link:node_modules/semver Completed in 9ms
529 timing build:link Completed in 10ms
530 info run @tensorflow/tfjs-node@4.14.0 install node_modules/@tensorflow/tfjs-node node scripts/install.js
531 http fetch GET 200 https://registry.npmjs.org/@tensorflow%2ftfjs-core 1031ms (cache miss)
532 timing metavuln:packument:@tensorflow/tfjs-core Completed in 1034ms
533 timing metavuln:load:security-advisory:@tensorflow/tfjs-core:Wb+t4nAQ2QbaIBANpGyR0NxscSBZkieQWww78xJqkUCEc1IjJximva83HGHVo/GYYeWrc8xY5cA+dCV5VX2QDA== Completed in 7ms
534 timing metavuln:cache:put:security-advisory:@tensorflow/tfjs-core:KyrEc4W1atNDQt7QbFrrVW8i0Dj5Ul3C4oBMH2Y1n+iy4mayKockdROuynKxVv0CK58phZ2kS2UnC/B9izMd4Q== Completed in 4ms
535 timing metavuln:calculate:security-advisory:@tensorflow/tfjs-core:Wb+t4nAQ2QbaIBANpGyR0NxscSBZkieQWww78xJqkUCEc1IjJximva83HGHVo/GYYeWrc8xY5cA+dCV5VX2QDA== Completed in 1045ms
536 timing metavuln:cache:get:security-advisory:@tensorflow-models/toxicity:BTY/fhDmUZ79m4l67XGtOYr5Z85opVfivF4q6KfbY/6L/YAdUPSh3GUeTtLOEnTptF9/bQ6Vb0X7D6PSopYYAw== Completed in 2ms
537 timing metavuln:cache:get:security-advisory:@tensorflow-models/universal-sentence-encoder:MC1xJdYKM1snb7Vm3rpuZqllqES2YBOIzozUDp/+6exdoCMLzkLen2wzEURAL2RwoDwn7jzZQCjKGhNaCjehgA== Completed in 2ms
538 timing metavuln:cache:get:security-advisory:@tensorflow/tfjs-converter:VuzbqeDWdzJlBoAo0jDtEB2TROA/N6eOtn+YYK9FZTFlFNVxykC8+kYZ1Zah4GfAL6sWbE5hQbjTxaCyLYkwng== Completed in 1ms
539 http fetch GET 200 https://registry.npmjs.org/@tensorflow-models%2ftoxicity 169ms (cache miss)
540 timing metavuln:packument:@tensorflow-models/toxicity Completed in 170ms
541 timing metavuln:load:security-advisory:@tensorflow-models/toxicity:KyrEc4W1atNDQt7QbFrrVW8i0Dj5Ul3C4oBMH2Y1n+iy4mayKockdROuynKxVv0CK58phZ2kS2UnC/B9izMd4Q== Completed in 2ms
542 timing metavuln:cache:put:security-advisory:@tensorflow-models/toxicity:BTY/fhDmUZ79m4l67XGtOYr5Z85opVfivF4q6KfbY/6L/YAdUPSh3GUeTtLOEnTptF9/bQ6Vb0X7D6PSopYYAw== Completed in 17ms
543 timing metavuln:calculate:security-advisory:@tensorflow-models/toxicity:KyrEc4W1atNDQt7QbFrrVW8i0Dj5Ul3C4oBMH2Y1n+iy4mayKockdROuynKxVv0CK58phZ2kS2UnC/B9izMd4Q== Completed in 189ms
544 http fetch GET 200 https://registry.npmjs.org/@tensorflow%2ftfjs-converter 934ms (cache miss)
545 timing metavuln:packument:@tensorflow/tfjs-converter Completed in 939ms
546 timing metavuln:load:security-advisory:@tensorflow/tfjs-converter:KyrEc4W1atNDQt7QbFrrVW8i0Dj5Ul3C4oBMH2Y1n+iy4mayKockdROuynKxVv0CK58phZ2kS2UnC/B9izMd4Q== Completed in 31ms
547 http fetch GET 200 https://registry.npmjs.org/@tensorflow-models%2funiversal-sentence-encoder 973ms (cache miss)
548 timing metavuln:packument:@tensorflow-models/universal-sentence-encoder Completed in 974ms
549 timing metavuln:load:security-advisory:@tensorflow-models/universal-sentence-encoder:KyrEc4W1atNDQt7QbFrrVW8i0Dj5Ul3C4oBMH2Y1n+iy4mayKockdROuynKxVv0CK58phZ2kS2UnC/B9izMd4Q== Completed in 1ms
550 timing metavuln:cache:put:security-advisory:@tensorflow-models/universal-sentence-encoder:MC1xJdYKM1snb7Vm3rpuZqllqES2YBOIzozUDp/+6exdoCMLzkLen2wzEURAL2RwoDwn7jzZQCjKGhNaCjehgA== Completed in 5ms
551 timing metavuln:calculate:security-advisory:@tensorflow-models/universal-sentence-encoder:KyrEc4W1atNDQt7QbFrrVW8i0Dj5Ul3C4oBMH2Y1n+iy4mayKockdROuynKxVv0CK58phZ2kS2UnC/B9izMd4Q== Completed in 980ms
552 timing metavuln:cache:put:security-advisory:@tensorflow/tfjs-converter:VuzbqeDWdzJlBoAo0jDtEB2TROA/N6eOtn+YYK9FZTFlFNVxykC8+kYZ1Zah4GfAL6sWbE5hQbjTxaCyLYkwng== Completed in 7ms
553 timing metavuln:calculate:security-advisory:@tensorflow/tfjs-converter:KyrEc4W1atNDQt7QbFrrVW8i0Dj5Ul3C4oBMH2Y1n+iy4mayKockdROuynKxVv0CK58phZ2kS2UnC/B9izMd4Q== Completed in 979ms
554 timing metavuln:cache:get:security-advisory:@tensorflow-models/toxicity:UvYKSAZfBJhJ1HSTBv3cYDS5IdHbKec4Hj9ijYl82AsFHm/ahiAy9K+FOgP1ZT7Jo9Gya1Znz1uJikxV0/co/Q== Completed in 0ms
555 timing metavuln:load:security-advisory:@tensorflow-models/toxicity:MC1xJdYKM1snb7Vm3rpuZqllqES2YBOIzozUDp/+6exdoCMLzkLen2wzEURAL2RwoDwn7jzZQCjKGhNaCjehgA== Completed in 1ms
556 timing metavuln:cache:put:security-advisory:@tensorflow-models/toxicity:UvYKSAZfBJhJ1HSTBv3cYDS5IdHbKec4Hj9ijYl82AsFHm/ahiAy9K+FOgP1ZT7Jo9Gya1Znz1uJikxV0/co/Q== Completed in 7ms
557 timing metavuln:calculate:security-advisory:@tensorflow-models/toxicity:MC1xJdYKM1snb7Vm3rpuZqllqES2YBOIzozUDp/+6exdoCMLzkLen2wzEURAL2RwoDwn7jzZQCjKGhNaCjehgA== Completed in 8ms
558 timing metavuln:cache:get:security-advisory:@tensorflow-models/toxicity:Kp0K8h4TzFBl9fGHM/XPzGRfGEUy5uykHt7q3dQFvcj01nocViWayNlUyYCk7bzigPBRuw5Ci8pCO+HOttWInA== Completed in 0ms
559 timing metavuln:load:security-advisory:@tensorflow-models/toxicity:VuzbqeDWdzJlBoAo0jDtEB2TROA/N6eOtn+YYK9FZTFlFNVxykC8+kYZ1Zah4GfAL6sWbE5hQbjTxaCyLYkwng== Completed in 1ms
560 timing metavuln:cache:get:security-advisory:@tensorflow-models/universal-sentence-encoder:zf80XLurpukDjwdy/qLf2GdAlDnUN2/5MKrQ0TReoGmFi2SlVT6ovq70tM9sXyIBu66YBerlt6ANxEKLdjW0yA== Completed in 1ms
561 timing metavuln:load:security-advisory:@tensorflow-models/universal-sentence-encoder:VuzbqeDWdzJlBoAo0jDtEB2TROA/N6eOtn+YYK9FZTFlFNVxykC8+kYZ1Zah4GfAL6sWbE5hQbjTxaCyLYkwng== Completed in 0ms
562 timing metavuln:cache:put:security-advisory:@tensorflow-models/toxicity:Kp0K8h4TzFBl9fGHM/XPzGRfGEUy5uykHt7q3dQFvcj01nocViWayNlUyYCk7bzigPBRuw5Ci8pCO+HOttWInA== Completed in 6ms
563 timing metavuln:calculate:security-advisory:@tensorflow-models/toxicity:VuzbqeDWdzJlBoAo0jDtEB2TROA/N6eOtn+YYK9FZTFlFNVxykC8+kYZ1Zah4GfAL6sWbE5hQbjTxaCyLYkwng== Completed in 8ms
564 timing metavuln:cache:put:security-advisory:@tensorflow-models/universal-sentence-encoder:zf80XLurpukDjwdy/qLf2GdAlDnUN2/5MKrQ0TReoGmFi2SlVT6ovq70tM9sXyIBu66YBerlt6ANxEKLdjW0yA== Completed in 7ms
565 timing metavuln:calculate:security-advisory:@tensorflow-models/universal-sentence-encoder:VuzbqeDWdzJlBoAo0jDtEB2TROA/N6eOtn+YYK9FZTFlFNVxykC8+kYZ1Zah4GfAL6sWbE5hQbjTxaCyLYkwng== Completed in 8ms
566 timing auditReport:init Completed in 2090ms
567 timing reify:audit Completed in 2270ms
568 info run @tensorflow/tfjs-node@4.14.0 install { code: 1, signal: null }
569 timing reify:rollback:createSparse Completed in 95ms
570 timing reify:rollback:retireShallow Completed in 0ms
571 timing command:install Completed in 25946ms
572 notice
572 notice New [31mmajor[39m version of npm available! [31m9.8.1[39m -> [32m10.2.4[39m
572 notice Changelog: [36mhttps://github.com/npm/cli/releases/tag/v10.2.4[39m
572 notice Run [32mnpm install -g npm@10.2.4[39m to update!
572 notice
573 verbose stack Error: command failed
573 verbose stack     at ChildProcess.<anonymous> (C:\Program Files\nodejs\node_modules\npm\node_modules\@npmcli\promise-spawn\lib\index.js:53:27)
573 verbose stack     at ChildProcess.emit (node:events:514:28)
573 verbose stack     at maybeClose (node:internal/child_process:1105:16)
573 verbose stack     at ChildProcess._handle.onexit (node:internal/child_process:305:5)
574 verbose pkgid @tensorflow/tfjs-node@4.14.0
575 verbose cwd C:\Users\choi\Desktop\unah3pac2023\proyecto_ToxicScan
576 verbose Windows_NT 10.0.22621
577 verbose node v20.6.1
578 verbose npm  v9.8.1
579 error code 1
580 error path C:\Users\choi\Desktop\unah3pac2023\proyecto_ToxicScan\node_modules\@tensorflow\tfjs-node
581 error command failed
582 error command C:\WINDOWS\system32\cmd.exe /d /s /c node scripts/install.js
583 error CPU-windows-4.14.0.zip
583 error https://storage.googleapis.com/tensorflow/libtensorflow/libtensorflow-cpu-windows-x86_64-2.9.1.zip
583 error node-pre-gyp install failed with error: Error: Command failed: node-pre-gyp install --fallback-to-build
583 error node-pre-gyp info it worked if it ends with ok
583 error node-pre-gyp info using node-pre-gyp@1.0.9
583 error node-pre-gyp info using node@20.6.1 | win32 | x64
583 error node-pre-gyp info check checked for "C:\Users\choi\Desktop\unah3pac2023\proyecto_ToxicScan\node_modules\@tensorflow\tfjs-node\lib\napi-v8\tfjs_binding.node" (not found)
583 error node-pre-gyp http GET https://storage.googleapis.com/tf-builds/pre-built-binary/napi-v8/4.14.0/CPU-windows-4.14.0.zip
583 error node-pre-gyp ERR! install response status 404 Not Found on https://storage.googleapis.com/tf-builds/pre-built-binary/napi-v8/4.14.0/CPU-windows-4.14.0.zip 
583 error node-pre-gyp WARN Pre-built binaries not installable for @tensorflow/tfjs-node@4.14.0 and node@20.6.1 (node-v115 ABI, unknown) (falling back to source compile with node-gyp) 
583 error node-pre-gyp WARN Hit error response status 404 Not Found on https://storage.googleapis.com/tf-builds/pre-built-binary/napi-v8/4.14.0/CPU-windows-4.14.0.zip 
583 error gyp info it worked if it ends with ok
583 error gyp info using node-gyp@9.4.0
583 error gyp info using node@20.6.1 | win32 | x64
583 error gyp info ok 
583 error gyp info it worked if it ends with ok
583 error gyp info using node-gyp@9.4.0
583 error gyp info using node@20.6.1 | win32 | x64
583 error gyp info find Python using Python version 3.11.6 found at "C:\Users\choi\AppData\Local\Microsoft\WindowsApps\PythonSoftwareFoundation.Python.3.11_qbz5n2kfra8p0\python.exe"
583 error gyp ERR! find VS 
583 error gyp ERR! find VS msvs_version not set from command line or npm config
583 error gyp ERR! find VS VCINSTALLDIR not set, not running in VS Command Prompt
583 error gyp ERR! find VS could not use PowerShell to find Visual Studio 2017 or newer, try re-running with '--loglevel silly' for more details
583 error gyp ERR! find VS not looking for VS2015 as it is only supported up to Node.js 18
583 error gyp ERR! find VS not looking for VS2013 as it is only supported up to Node.js 8
583 error gyp ERR! find VS 
583 error gyp ERR! find VS **************************************************************
583 error gyp ERR! find VS You need to install the latest version of Visual Studio
583 error gyp ERR! find VS including the "Desktop development with C++" workload.
583 error gyp ERR! find VS For more information consult the documentation at:
583 error gyp ERR! find VS https://github.com/nodejs/node-gyp#on-windows
583 error gyp ERR! find VS **************************************************************
583 error gyp ERR! find VS 
583 error gyp ERR! configure error 
583 error gyp ERR! stack Error: Could not find any Visual Studio installation to use
583 error gyp ERR! stack     at VisualStudioFinder.fail (C:\Program Files\nodejs\node_modules\npm\node_modules\node-gyp\lib\find-visualstudio.js:122:47)
583 error gyp ERR! stack     at C:\Program Files\nodejs\node_modules\npm\node_modules\node-gyp\lib\find-visualstudio.js:75:16
583 error gyp ERR! stack     at VisualStudioFinder.findVisualStudio2013 (C:\Program Files\nodejs\node_modules\npm\node_modules\node-gyp\lib\find-visualstudio.js:380:14)
583 error gyp ERR! stack     at C:\Program Files\nodejs\node_modules\npm\node_modules\node-gyp\lib\find-visualstudio.js:71:14
583 error gyp ERR! stack     at VisualStudioFinder.findVisualStudio2015 (C:\Program Files\nodejs\node_modules\npm\node_modules\node-gyp\lib\find-visualstudio.js:364:14)
583 error gyp ERR! stack     at C:\Program Files\nodejs\node_modules\npm\node_modules\node-gyp\lib\find-visualstudio.js:67:12
583 error gyp ERR! stack     at failPowershell (C:\Program Files\nodejs\node_modules\npm\node_modules\node-gyp\lib\find-visualstudio.js:156:7)
583 error gyp ERR! stack     at VisualStudioFinder.parseData (C:\Program Files\nodejs\node_modules\npm\node_modules\node-gyp\lib\find-visualstudio.js:170:14)
583 error gyp ERR! stack     at C:\Program Files\nodejs\node_modules\npm\node_modules\node-gyp\lib\find-visualstudio.js:143:14
583 error gyp ERR! stack     at ChildProcess.exithandler (node:child_process:414:7)
583 error gyp ERR! System Windows_NT 10.0.22621
583 error gyp ERR! command "C:\\Program Files\\nodejs\\node.exe" "C:\\Program Files\\nodejs\\node_modules\\npm\\node_modules\\node-gyp\\bin\\node-gyp.js" "configure" "--fallback-to-build" "--module=C:\\Users\\choi\\Desktop\\unah3pac2023\\proyecto_ToxicScan\\node_modules\\@tensorflow\\tfjs-node\\lib\\napi-v8\\tfjs_binding.node" "--module_name=tfjs_binding" "--module_path=C:\\Users\\choi\\Desktop\\unah3pac2023\\proyecto_ToxicScan\\node_modules\\@tensorflow\\tfjs-node\\lib\\napi-v8" "--napi_version=9" "--node_abi_napi=napi" "--napi_build_version=8" "--node_napi_label=napi-v8"
583 error gyp ERR! cwd C:\Users\choi\Desktop\unah3pac2023\proyecto_ToxicScan\node_modules\@tensorflow\tfjs-node
583 error gyp ERR! node -v v20.6.1
583 error gyp ERR! node-gyp -v v9.4.0
583 error gyp ERR! not ok 
583 error node-pre-gyp ERR! build error 
583 error node-pre-gyp ERR! stack Error: Failed to execute 'C:\Program Files\nodejs\node.exe C:\Program Files\nodejs\node_modules\npm\node_modules\node-gyp\bin\node-gyp.js configure --fallback-to-build --module=C:\Users\choi\Desktop\unah3pac2023\proyecto_ToxicScan\node_modules\@tensorflow\tfjs-node\lib\napi-v8\tfjs_binding.node --module_name=tfjs_binding --module_path=C:\Users\choi\Desktop\unah3pac2023\proyecto_ToxicScan\node_modules\@tensorflow\tfjs-node\lib\napi-v8 --napi_version=9 --node_abi_napi=napi --napi_build_version=8 --node_napi_label=napi-v8' (1)
583 error node-pre-gyp ERR! stack     at ChildProcess.<anonymous> (C:\Users\choi\Desktop\unah3pac2023\proyecto_ToxicScan\node_modules\@mapbox\node-pre-gyp\lib\util\compile.js:89:23)
583 error node-pre-gyp ERR! stack     at ChildProcess.emit (node:events:514:28)
583 error node-pre-gyp ERR! stack     at maybeClose (node:internal/child_process:1105:16)
583 error node-pre-gyp ERR! stack     at ChildProcess._handle.onexit (node:internal/child_process:305:5)
583 error node-pre-gyp ERR! System Windows_NT 10.0.22621
583 error node-pre-gyp ERR! command "C:\\Program Files\\nodejs\\node.exe" "C:\\Users\\choi\\Desktop\\unah3pac2023\\proyecto_ToxicScan\\node_modules\\@mapbox\\node-pre-gyp\\bin\\node-pre-gyp" "install" "--fallback-to-build"
583 error node-pre-gyp ERR! cwd C:\Users\choi\Desktop\unah3pac2023\proyecto_ToxicScan\node_modules\@tensorflow\tfjs-node
583 error node-pre-gyp ERR! node -v v20.6.1
583 error node-pre-gyp ERR! node-pre-gyp -v v1.0.9
583 error node-pre-gyp ERR! not ok
584 error * Downloading libtensorflow
584 error
584 error * Building TensorFlow Node.js bindings
585 verbose exit 1
586 timing npm Completed in 26232ms
587 verbose unfinished npm timer reify 1701558952597
588 verbose unfinished npm timer reify:build 1701558958542
589 verbose unfinished npm timer build 1701558958542
590 verbose unfinished npm timer build:deps 1701558958542
591 verbose unfinished npm timer build:run:install 1701558958554
592 verbose unfinished npm timer build:run:install:node_modules/@tensorflow/tfjs-node 1701558958554
593 verbose code 1
594 error A complete log of this run can be found in: C:\Users\choi\Desktop\unah3pac2023\proyecto_ToxicScan\false\_logs\2023-12-02T23_15_52_330Z-debug-0.log
